Vivado Simulator 2019.1
Copyright 1986-1999, 2001-2019 Xilinx, Inc. All Rights Reserved.
Running: /opt/Xilinx/Vivado/2019.1/bin/unwrapped/lnx64.o/xelab -wto 38a80270e3ba4ebd931e5ac6a66b420e --incr --debug typical --relax --mt 8 --maxdelay -L xil_defaultlib -L simprims_ver -L secureip --snapshot asmcvd_xp_tb_time_synth -transport_int_delays -pulse_r 0 -pulse_int_r 0 -pulse_e 0 -pulse_int_e 0 xil_defaultlib.asmcvd_xp_tb xil_defaultlib.glbl -log elaborate.log 
Using 8 slave threads.
Starting static elaboration
Completed static elaboration
Starting simulation data flow analysis
Completed simulation data flow analysis
INFO: [XSIM 43-3451] SDF backannotation process started with SDF file "asmcvd_xp_tb_time_synth.sdf", for root module "asmcvd_xp_tb/DUT".
INFO: [XSIM 43-3452] SDF backannotation was successful for SDF file "asmcvd_xp_tb_time_synth.sdf", for root module "asmcvd_xp_tb/DUT".
Time Resolution for simulation is 1ps
Compiling module simprims_ver.CARRY4
Compiling module xil_defaultlib.adder
Compiling module xil_defaultlib.adder_0
Compiling module simprims_ver.LUT6
Compiling module simprims_ver.x_lut3_mux8
Compiling module simprims_ver.LUT3
Compiling module simprims_ver.x_lut2_mux4
Compiling module simprims_ver.LUT2
Compiling module simprims_ver.LUT5
Compiling module simprims_ver.LUT4
Compiling module xil_defaultlib.multiplier
Compiling module xil_defaultlib.multiplier_1
Compiling module simprims_ver.FDCE_default
Compiling module simprims_ver.x_lut1_mux2
Compiling module simprims_ver.LUT1
Compiling module xil_defaultlib.pipeline_reg
Compiling module simprims_ver.MUXF7
Compiling module xil_defaultlib.pipeline_reg_2
Compiling module simprims_ver.IBUF
Compiling module simprims_ver.BUFG
Compiling module simprims_ver.OBUF
Compiling module simprims_ver.latchsre_ldce
Compiling module simprims_ver.LDCE
Compiling module simprims_ver.LDCE(IS_G_INVERTED=1'b1)
Compiling module xil_defaultlib.asmcvd_xp
Compiling module xil_defaultlib.asmcvd_xp_tb
Compiling module xil_defaultlib.glbl
Built simulation snapshot asmcvd_xp_tb_time_synth
